  [1m[36m (14.6ms)[0m  [1mCREATE TABLE "schema_migrations" ("version" character varying NOT NULL) [0m
  [1m[35m (1.9ms)[0m  CREATE UNIQUE INDEX  "unique_schema_migrations" ON "schema_migrations"  ("version")
  [1m[36mActiveRecord::SchemaMigration Load (0.5ms)[0m  [1mSELECT "schema_migrations".* FROM "schema_migrations"[0m
Migrating to CreateTodos (20161121002909)
  [1m[35m (0.2ms)[0m  BEGIN
  [1m[36m (11.9ms)[0m  [1mCREATE TABLE "todos" ("id" serial primary key, "title" character varying, "body" character varying, "done" boolean, "created_at" timestamp NOT NULL, "updated_at" timestamp NOT NULL) [0m
  [1m[35mSQL (0.9ms)[0m  INSERT INTO "schema_migrations" ("version") VALUES ($1)  [["version", "20161121002909"]]
  [1m[36m (0.7ms)[0m  [1mCOMMIT[0m
  [1m[35mActiveRecord::SchemaMigration Load (0.5ms)[0m  SELECT "schema_migrations".* FROM "schema_migrations"
  [1m[36m (4.3ms)[0m  [1mSELECT t2.oid::regclass::text AS to_table, a1.attname AS column, a2.attname AS primary_key, c.conname AS name, c.confupdtype AS on_update, c.confdeltype AS on_delete
FROM pg_constraint c
JOIN pg_class t1 ON c.conrelid = t1.oid
JOIN pg_class t2 ON c.confrelid = t2.oid
JOIN pg_attribute a1 ON a1.attnum = c.conkey[1] AND a1.attrelid = t1.oid
JOIN pg_attribute a2 ON a2.attnum = c.confkey[1] AND a2.attrelid = t2.oid
JOIN pg_namespace t3 ON c.connamespace = t3.oid
WHERE c.contype = 'f'
  AND t1.relname = 'todos'
  AND t3.nspname = ANY (current_schemas(false))
ORDER BY c.conname
[0m
  [1m[36mSQL (0.9ms)[0m  [1mCREATE EXTENSION IF NOT EXISTS "plpgsql"[0m
  [1m[35m (7.2ms)[0m  DROP TABLE "todos" CASCADE
  [1m[36m (15.3ms)[0m  [1mCREATE TABLE "todos" ("id" serial primary key, "title" character varying, "body" character varying, "done" boolean, "created_at" timestamp NOT NULL, "updated_at" timestamp NOT NULL) [0m
  [1m[35m (1.1ms)[0m  SELECT version FROM "schema_migrations"
  [1m[36mSQL (1.2ms)[0m  [1mCREATE EXTENSION IF NOT EXISTS "plpgsql"[0m
  [1m[35m (20.1ms)[0m  CREATE TABLE "todos" ("id" serial primary key, "title" character varying, "body" character varying, "done" boolean, "created_at" timestamp NOT NULL, "updated_at" timestamp NOT NULL) 
  [1m[36m (4.4ms)[0m  [1mCREATE TABLE "schema_migrations" ("version" character varying NOT NULL) [0m
  [1m[35m (4.0ms)[0m  CREATE UNIQUE INDEX  "unique_schema_migrations" ON "schema_migrations"  ("version")
  [1m[36m (0.6ms)[0m  [1mSELECT version FROM "schema_migrations"[0m
  [1m[35m (1.1ms)[0m  INSERT INTO "schema_migrations" (version) VALUES ('20161121002909')
  [1m[36mActiveRecord::SchemaMigration Load (0.5ms)[0m  [1mSELECT "schema_migrations".* FROM "schema_migrations"[0m
  [1m[36mActiveRecord::SchemaMigration Load (0.5ms)[0m  [1mSELECT "schema_migrations".* FROM "schema_migrations"[0m
  [1m[35mActiveRecord::SchemaMigration Load (0.3ms)[0m  SELECT "schema_migrations".* FROM "schema_migrations"
  [1m[36m (3.7ms)[0m  [1mSELECT t2.oid::regclass::text AS to_table, a1.attname AS column, a2.attname AS primary_key, c.conname AS name, c.confupdtype AS on_update, c.confdeltype AS on_delete
FROM pg_constraint c
JOIN pg_class t1 ON c.conrelid = t1.oid
JOIN pg_class t2 ON c.confrelid = t2.oid
JOIN pg_attribute a1 ON a1.attnum = c.conkey[1] AND a1.attrelid = t1.oid
JOIN pg_attribute a2 ON a2.attnum = c.confkey[1] AND a2.attrelid = t2.oid
JOIN pg_namespace t3 ON c.connamespace = t3.oid
WHERE c.contype = 'f'
  AND t1.relname = 'todos'
  AND t3.nspname = ANY (current_schemas(false))
ORDER BY c.conname
[0m
  [1m[36mSQL (0.3ms)[0m  [1mCREATE EXTENSION IF NOT EXISTS "plpgsql"[0m
  [1m[35m (3.8ms)[0m  DROP TABLE "todos" CASCADE
  [1m[36m (8.6ms)[0m  [1mCREATE TABLE "todos" ("id" serial primary key, "title" character varying, "body" character varying, "done" boolean, "created_at" timestamp NOT NULL, "updated_at" timestamp NOT NULL) [0m
  [1m[35m (1.0ms)[0m  SELECT version FROM "schema_migrations"
  [1m[36mSQL (0.3ms)[0m  [1mCREATE EXTENSION IF NOT EXISTS "plpgsql"[0m
  [1m[35m (7.2ms)[0m  DROP TABLE "todos" CASCADE
  [1m[36m (7.7ms)[0m  [1mCREATE TABLE "todos" ("id" serial primary key, "title" character varying, "body" character varying, "done" boolean, "created_at" timestamp NOT NULL, "updated_at" timestamp NOT NULL) [0m
  [1m[35m (1.7ms)[0m  SELECT version FROM "schema_migrations"
  [1m[36mActiveRecord::SchemaMigration Load (0.5ms)[0m  [1mSELECT "schema_migrations".* FROM "schema_migrations"[0m
  [1m[36mActiveRecord::SchemaMigration Load (0.5ms)[0m  [1mSELECT "schema_migrations".* FROM "schema_migrations"[0m
  [1m[35mActiveRecord::SchemaMigration Load (0.3ms)[0m  SELECT "schema_migrations".* FROM "schema_migrations"
  [1m[36m (3.8ms)[0m  [1mSELECT t2.oid::regclass::text AS to_table, a1.attname AS column, a2.attname AS primary_key, c.conname AS name, c.confupdtype AS on_update, c.confdeltype AS on_delete
FROM pg_constraint c
JOIN pg_class t1 ON c.conrelid = t1.oid
JOIN pg_class t2 ON c.confrelid = t2.oid
JOIN pg_attribute a1 ON a1.attnum = c.conkey[1] AND a1.attrelid = t1.oid
JOIN pg_attribute a2 ON a2.attnum = c.confkey[1] AND a2.attrelid = t2.oid
JOIN pg_namespace t3 ON c.connamespace = t3.oid
WHERE c.contype = 'f'
  AND t1.relname = 'todos'
  AND t3.nspname = ANY (current_schemas(false))
ORDER BY c.conname
[0m
  [1m[36mTodo Load (2.1ms)[0m  [1mSELECT "todos".* FROM "todos"[0m
  [1m[35m (0.2ms)[0m  BEGIN
  [1m[36mSQL (0.8ms)[0m  [1mINSERT INTO "todos" ("title", "body", "done", "created_at", "updated_at") VALUES ($1, $2, $3, $4, $5) RETURNING "id"[0m  [["title", "Your mom"], ["body", "wow"], ["done", "f"], ["created_at", "2016-11-21 00:51:03.954295"], ["updated_at", "2016-11-21 00:51:03.954295"]]
  [1m[35m (0.7ms)[0m  COMMIT
  [1m[36mTodo Load (0.4ms)[0m  [1mSELECT "todos".* FROM "todos"[0m
  [1m[35m (0.2ms)[0m  BEGIN
  [1m[36mSQL (0.5ms)[0m  [1mINSERT INTO "todos" ("title", "body", "done", "created_at", "updated_at") VALUES ($1, $2, $3, $4, $5) RETURNING "id"[0m  [["title", "Finish Todo project"], ["body", "Lots of work to do"], ["done", "f"], ["created_at", "2016-11-21 00:51:41.174895"], ["updated_at", "2016-11-21 00:51:41.174895"]]
  [1m[35m (1.2ms)[0m  COMMIT
  [1m[36mTodo Load (0.4ms)[0m  [1mSELECT "todos".* FROM "todos"[0m
  [1m[36mActiveRecord::SchemaMigration Load (1.1ms)[0m  [1mSELECT "schema_migrations".* FROM "schema_migrations"[0m
  [1m[35m (0.2ms)[0m  BEGIN
  [1m[36mSQL (1.0ms)[0m  [1mINSERT INTO "todos" ("title", "body", "done", "created_at", "updated_at") VALUES ($1, $2, $3, $4, $5) RETURNING "id"[0m  [["title", "Doing Laundry"], ["body", "Need to do 5 years' worth of laundry"], ["done", "f"], ["created_at", "2016-11-21 02:17:37.956722"], ["updated_at", "2016-11-21 02:17:37.956722"]]
  [1m[35m (1.1ms)[0m  COMMIT
  [1m[36m (0.2ms)[0m  [1mBEGIN[0m
  [1m[35mSQL (0.4ms)[0m  INSERT INTO "todos" ("title", "body", "done", "created_at", "updated_at") VALUES ($1, $2, $3, $4, $5) RETURNING "id"  [["title", "Feeding the chickens"], ["body", "Bgaww bgaww bgawww"], ["done", "t"], ["created_at", "2016-11-21 02:17:37.971536"], ["updated_at", "2016-11-21 02:17:37.971536"]]
  [1m[36m (0.4ms)[0m  [1mCOMMIT[0m
  [1m[35m (0.2ms)[0m  BEGIN
  [1m[36mSQL (0.3ms)[0m  [1mINSERT INTO "todos" ("title", "body", "done", "created_at", "updated_at") VALUES ($1, $2, $3, $4, $5) RETURNING "id"[0m  [["title", "Doing surgery on myself"], ["body", "Need to take care of that appendicities"], ["done", "f"], ["created_at", "2016-11-21 02:17:37.973677"], ["updated_at", "2016-11-21 02:17:37.973677"]]
  [1m[35m (0.4ms)[0m  COMMIT
  [1m[36m (0.2ms)[0m  [1mBEGIN[0m
  [1m[35mSQL (0.3ms)[0m  INSERT INTO "todos" ("title", "body", "done", "created_at", "updated_at") VALUES ($1, $2, $3, $4, $5) RETURNING "id"  [["title", "Crochet scarf for Markov"], ["body", "Need to make a beautiful holiday scarf for him"], ["done", "t"], ["created_at", "2016-11-21 02:17:37.975725"], ["updated_at", "2016-11-21 02:17:37.975725"]]
  [1m[36m (0.4ms)[0m  [1mCOMMIT[0m
  [1m[36mTodo Load (1.1ms)[0m  [1mSELECT "todos".* FROM "todos"[0m


Started GET "/" for ::1 at 2016-11-20 18:18:20 -0800
  [1m[36mActiveRecord::SchemaMigration Load (1.1ms)[0m  [1mSELECT "schema_migrations".* FROM "schema_migrations"[0m
Processing by StaticPagesController#root as HTML
  Rendered static_pages/root.html.erb within layouts/application (2.0ms)
Completed 200 OK in 1138ms (Views: 1137.8ms | ActiveRecord: 0.0ms)


Started GET "/assets/api/todos.self-e3b0c44298fc1c149afbf4c8996fb92427ae41e4649b934ca495991b7852b855.css?body=1" for ::1 at 2016-11-20 18:18:23 -0800


Started GET "/assets/static_pages.self-e3b0c44298fc1c149afbf4c8996fb92427ae41e4649b934ca495991b7852b855.css?body=1" for ::1 at 2016-11-20 18:18:23 -0800


Started GET "/assets/application.self-e80e8f2318043e8af94dddc2adad5a4f09739a8ebb323b3ab31cd71d45fd9113.css?body=1" for ::1 at 2016-11-20 18:18:23 -0800


Started GET "/assets/jquery_ujs.self-784a997f6726036b1993eb2217c9cb558e1cbb801c6da88105588c56f13b466a.js?body=1" for ::1 at 2016-11-20 18:18:23 -0800


Started GET "/assets/jquery.self-bd7ddd393353a8d2480a622e80342adf488fb6006d667e8b42e4c0073393abee.js?body=1" for ::1 at 2016-11-20 18:18:23 -0800


Started GET "/assets/api/todos.self-877aef30ae1b040ab8a3aba4e3e309a11d7f2612f44dde450b5c157aa5f95c05.js?body=1" for ::1 at 2016-11-20 18:18:23 -0800


Started GET "/assets/static_pages.self-877aef30ae1b040ab8a3aba4e3e309a11d7f2612f44dde450b5c157aa5f95c05.js?body=1" for ::1 at 2016-11-20 18:18:23 -0800


Started GET "/assets/application.self-377610cd7c1509e934744c810e3b4cf672dfbcacac3274e7d039827e2ae0fcc7.js?body=1" for ::1 at 2016-11-20 18:18:23 -0800


Started GET "/" for ::1 at 2016-11-20 18:18:36 -0800
Processing by StaticPagesController#root as HTML
  Rendered static_pages/root.html.erb within layouts/application (0.1ms)
Completed 200 OK in 28ms (Views: 27.5ms | ActiveRecord: 0.0ms)


Started GET "/assets/api/todos.self-e3b0c44298fc1c149afbf4c8996fb92427ae41e4649b934ca495991b7852b855.css?body=1" for ::1 at 2016-11-20 18:18:36 -0800


Started GET "/assets/static_pages.self-e3b0c44298fc1c149afbf4c8996fb92427ae41e4649b934ca495991b7852b855.css?body=1" for ::1 at 2016-11-20 18:18:36 -0800


Started GET "/assets/application.self-e80e8f2318043e8af94dddc2adad5a4f09739a8ebb323b3ab31cd71d45fd9113.css?body=1" for ::1 at 2016-11-20 18:18:36 -0800


Started GET "/assets/jquery.self-bd7ddd393353a8d2480a622e80342adf488fb6006d667e8b42e4c0073393abee.js?body=1" for ::1 at 2016-11-20 18:18:36 -0800


Started GET "/assets/jquery_ujs.self-784a997f6726036b1993eb2217c9cb558e1cbb801c6da88105588c56f13b466a.js?body=1" for ::1 at 2016-11-20 18:18:36 -0800


Started GET "/assets/api/todos.self-877aef30ae1b040ab8a3aba4e3e309a11d7f2612f44dde450b5c157aa5f95c05.js?body=1" for ::1 at 2016-11-20 18:18:36 -0800


Started GET "/assets/application.self-377610cd7c1509e934744c810e3b4cf672dfbcacac3274e7d039827e2ae0fcc7.js?body=1" for ::1 at 2016-11-20 18:18:36 -0800


Started GET "/assets/static_pages.self-877aef30ae1b040ab8a3aba4e3e309a11d7f2612f44dde450b5c157aa5f95c05.js?body=1" for ::1 at 2016-11-20 18:18:36 -0800


Started GET "/" for ::1 at 2016-11-20 18:21:01 -0800
Processing by StaticPagesController#root as HTML
  Rendered static_pages/root.html.erb within layouts/application (0.9ms)
Completed 200 OK in 30ms (Views: 30.1ms | ActiveRecord: 0.0ms)


Started GET "/assets/api/todos.self-e3b0c44298fc1c149afbf4c8996fb92427ae41e4649b934ca495991b7852b855.css?body=1" for ::1 at 2016-11-20 18:21:02 -0800


Started GET "/assets/static_pages.self-e3b0c44298fc1c149afbf4c8996fb92427ae41e4649b934ca495991b7852b855.css?body=1" for ::1 at 2016-11-20 18:21:02 -0800


Started GET "/assets/static_pages.self-877aef30ae1b040ab8a3aba4e3e309a11d7f2612f44dde450b5c157aa5f95c05.js?body=1" for ::1 at 2016-11-20 18:21:02 -0800


Started GET "/assets/application.self-e80e8f2318043e8af94dddc2adad5a4f09739a8ebb323b3ab31cd71d45fd9113.css?body=1" for ::1 at 2016-11-20 18:21:02 -0800


Started GET "/assets/jquery_ujs.self-784a997f6726036b1993eb2217c9cb558e1cbb801c6da88105588c56f13b466a.js?body=1" for ::1 at 2016-11-20 18:21:02 -0800


Started GET "/assets/api/todos.self-877aef30ae1b040ab8a3aba4e3e309a11d7f2612f44dde450b5c157aa5f95c05.js?body=1" for ::1 at 2016-11-20 18:21:02 -0800


Started GET "/assets/jquery.self-bd7ddd393353a8d2480a622e80342adf488fb6006d667e8b42e4c0073393abee.js?body=1" for ::1 at 2016-11-20 18:21:02 -0800


Started GET "/assets/application.self-377610cd7c1509e934744c810e3b4cf672dfbcacac3274e7d039827e2ae0fcc7.js?body=1" for ::1 at 2016-11-20 18:21:02 -0800


Started GET "/api/todos" for ::1 at 2016-11-20 18:21:54 -0800
Processing by Api::TodosController#index as JSON
  [1m[35mTodo Load (2.2ms)[0m  SELECT "todos".* FROM "todos"
Completed 200 OK in 20ms (Views: 6.8ms | ActiveRecord: 9.4ms)


Started GET "/api/todos" for ::1 at 2016-11-20 18:23:57 -0800
Processing by Api::TodosController#index as JSON
  [1m[36mTodo Load (0.6ms)[0m  [1mSELECT "todos".* FROM "todos"[0m
Completed 200 OK in 3ms (Views: 2.3ms | ActiveRecord: 0.6ms)


Started POST "/api/todos" for ::1 at 2016-11-20 18:24:02 -0800
Processing by Api::TodosController#create as JSON
Completed 400 Bad Request in 1ms (ActiveRecord: 0.0ms)

ActionController::ParameterMissing - param is missing or the value is empty: todo:
  actionpack (4.2.6) lib/action_controller/metal/strong_parameters.rb:251:in `require'
  app/controllers/application_controller.rb:42:in `todo_params'
  app/controllers/application_controller.rb:17:in `create'
  actionpack (4.2.6) lib/action_controller/metal/implicit_render.rb:4:in `send_action'
  actionpack (4.2.6) lib/abstract_controller/base.rb:198:in `process_action'
  actionpack (4.2.6) lib/action_controller/metal/rendering.rb:10:in `process_action'
  actionpack (4.2.6) lib/abstract_controller/callbacks.rb:20:in `block in process_action'
  activesupport (4.2.6) lib/active_support/callbacks.rb:117:in `call'
  activesupport (4.2.6) lib/active_support/callbacks.rb:555:in `block (2 levels) in compile'
  activesupport (4.2.6) lib/active_support/callbacks.rb:505:in `call'
  activesupport (4.2.6) lib/active_support/callbacks.rb:92:in `__run_callbacks__'
  activesupport (4.2.6) lib/active_support/callbacks.rb:778:in `_run_process_action_callbacks'
  activesupport (4.2.6) lib/active_support/callbacks.rb:81:in `run_callbacks'
  actionpack (4.2.6) lib/abstract_controller/callbacks.rb:19:in `process_action'
  actionpack (4.2.6) lib/action_controller/metal/rescue.rb:29:in `process_action'
  actionpack (4.2.6) lib/action_controller/metal/instrumentation.rb:32:in `block in process_action'
  activesupport (4.2.6) lib/active_support/notifications.rb:164:in `block in instrument'
  activesupport (4.2.6) lib/active_support/notifications/instrumenter.rb:20:in `instrument'
  activesupport (4.2.6) lib/active_support/notifications.rb:164:in `instrument'
  actionpack (4.2.6) lib/action_controller/metal/instrumentation.rb:30:in `process_action'
  actionpack (4.2.6) lib/action_controller/metal/params_wrapper.rb:250:in `process_action'
  activerecord (4.2.6) lib/active_record/railties/controller_runtime.rb:18:in `process_action'
  actionpack (4.2.6) lib/abstract_controller/base.rb:137:in `process'
  actionview (4.2.6) lib/action_view/rendering.rb:30:in `process'
  actionpack (4.2.6) lib/action_controller/metal.rb:196:in `dispatch'
  actionpack (4.2.6) lib/action_controller/metal/rack_delegation.rb:13:in `dispatch'
  actionpack (4.2.6) lib/action_controller/metal.rb:237:in `block in action'
  actionpack (4.2.6) lib/action_dispatch/routing/route_set.rb:74:in `dispatch'
  actionpack (4.2.6) lib/action_dispatch/routing/route_set.rb:43:in `serve'
  actionpack (4.2.6) lib/action_dispatch/journey/router.rb:43:in `block in serve'
  actionpack (4.2.6) lib/action_dispatch/journey/router.rb:30:in `serve'
  actionpack (4.2.6) lib/action_dispatch/routing/route_set.rb:817:in `call'
  rack (1.6.5) lib/rack/etag.rb:24:in `call'
  rack (1.6.5) lib/rack/conditionalget.rb:38:in `call'
  rack (1.6.5) lib/rack/head.rb:13:in `call'
  actionpack (4.2.6) lib/action_dispatch/middleware/params_parser.rb:27:in `call'
  actionpack (4.2.6) lib/action_dispatch/middleware/flash.rb:260:in `call'
  rack (1.6.5) lib/rack/session/abstract/id.rb:225:in `context'
  rack (1.6.5) lib/rack/session/abstract/id.rb:220:in `call'
  actionpack (4.2.6) lib/action_dispatch/middleware/cookies.rb:560:in `call'
  activerecord (4.2.6) lib/active_record/query_cache.rb:36:in `call'
  activerecord (4.2.6) lib/active_record/connection_adapters/abstract/connection_pool.rb:653:in `call'
  activerecord (4.2.6) lib/active_record/migration.rb:377:in `call'
  actionpack (4.2.6) lib/action_dispatch/middleware/callbacks.rb:29:in `block in call'
  activesupport (4.2.6) lib/active_support/callbacks.rb:88:in `__run_callbacks__'
  activesupport (4.2.6) lib/active_support/callbacks.rb:778:in `_run_call_callbacks'
  activesupport (4.2.6) lib/active_support/callbacks.rb:81:in `run_callbacks'
  actionpack (4.2.6) lib/action_dispatch/middleware/callbacks.rb:27:in `call'
  actionpack (4.2.6) lib/action_dispatch/middleware/reloader.rb:73:in `call'
  actionpack (4.2.6) lib/action_dispatch/middleware/remote_ip.rb:78:in `call'
  better_errors (2.1.1) lib/better_errors/middleware.rb:84:in `protected_app_call'
  better_errors (2.1.1) lib/better_errors/middleware.rb:79:in `better_errors_call'
  better_errors (2.1.1) lib/better_errors/middleware.rb:57:in `call'
  actionpack (4.2.6) lib/action_dispatch/middleware/debug_exceptions.rb:17:in `call'
  web-console (2.3.0) lib/web_console/middleware.rb:28:in `block in call'
  web-console (2.3.0) lib/web_console/middleware.rb:18:in `call'
  actionpack (4.2.6) lib/action_dispatch/middleware/show_exceptions.rb:30:in `call'
  railties (4.2.6) lib/rails/rack/logger.rb:38:in `call_app'
  railties (4.2.6) lib/rails/rack/logger.rb:20:in `block in call'
  activesupport (4.2.6) lib/active_support/tagged_logging.rb:68:in `block in tagged'
  activesupport (4.2.6) lib/active_support/tagged_logging.rb:26:in `tagged'
  activesupport (4.2.6) lib/active_support/tagged_logging.rb:68:in `tagged'
  railties (4.2.6) lib/rails/rack/logger.rb:20:in `call'
  actionpack (4.2.6) lib/action_dispatch/middleware/request_id.rb:21:in `call'
  rack (1.6.5) lib/rack/methodoverride.rb:22:in `call'
  rack (1.6.5) lib/rack/runtime.rb:18:in `call'
  activesupport (4.2.6) lib/active_support/cache/strategy/local_cache_middleware.rb:28:in `call'
  rack (1.6.5) lib/rack/lock.rb:17:in `call'
  actionpack (4.2.6) lib/action_dispatch/middleware/static.rb:120:in `call'
  rack (1.6.5) lib/rack/sendfile.rb:113:in `call'
  railties (4.2.6) lib/rails/engine.rb:518:in `call'
  railties (4.2.6) lib/rails/application.rb:165:in `call'
  rack (1.6.5) lib/rack/lock.rb:17:in `call'
  rack (1.6.5) lib/rack/content_length.rb:15:in `call'
  rack (1.6.5) lib/rack/handler/webrick.rb:88:in `service'
  /Users/sophialiu/.rbenv/versions/2.2.5/lib/ruby/2.2.0/webrick/httpserver.rb:138:in `service'
  /Users/sophialiu/.rbenv/versions/2.2.5/lib/ruby/2.2.0/webrick/httpserver.rb:94:in `run'
  /Users/sophialiu/.rbenv/versions/2.2.5/lib/ruby/2.2.0/webrick/server.rb:294:in `block in start_thread'



Started GET "/api/todos" for ::1 at 2016-11-20 18:27:16 -0800
Processing by Api::TodosController#index as JSON
  [1m[35mTodo Load (0.5ms)[0m  SELECT "todos".* FROM "todos"
Completed 200 OK in 5ms (Views: 3.7ms | ActiveRecord: 0.5ms)


Started POST "/api/todos" for ::1 at 2016-11-20 18:27:25 -0800
Processing by Api::TodosController#create as JSON
Completed 400 Bad Request in 1ms (ActiveRecord: 0.0ms)

ActionController::ParameterMissing - param is missing or the value is empty: todo:
  actionpack (4.2.6) lib/action_controller/metal/strong_parameters.rb:251:in `require'
  app/controllers/application_controller.rb:42:in `todo_params'
  app/controllers/application_controller.rb:17:in `create'
  actionpack (4.2.6) lib/action_controller/metal/implicit_render.rb:4:in `send_action'
  actionpack (4.2.6) lib/abstract_controller/base.rb:198:in `process_action'
  actionpack (4.2.6) lib/action_controller/metal/rendering.rb:10:in `process_action'
  actionpack (4.2.6) lib/abstract_controller/callbacks.rb:20:in `block in process_action'
  activesupport (4.2.6) lib/active_support/callbacks.rb:117:in `call'
  activesupport (4.2.6) lib/active_support/callbacks.rb:555:in `block (2 levels) in compile'
  activesupport (4.2.6) lib/active_support/callbacks.rb:505:in `call'
  activesupport (4.2.6) lib/active_support/callbacks.rb:92:in `__run_callbacks__'
  activesupport (4.2.6) lib/active_support/callbacks.rb:778:in `_run_process_action_callbacks'
  activesupport (4.2.6) lib/active_support/callbacks.rb:81:in `run_callbacks'
  actionpack (4.2.6) lib/abstract_controller/callbacks.rb:19:in `process_action'
  actionpack (4.2.6) lib/action_controller/metal/rescue.rb:29:in `process_action'
  actionpack (4.2.6) lib/action_controller/metal/instrumentation.rb:32:in `block in process_action'
  activesupport (4.2.6) lib/active_support/notifications.rb:164:in `block in instrument'
  activesupport (4.2.6) lib/active_support/notifications/instrumenter.rb:20:in `instrument'
  activesupport (4.2.6) lib/active_support/notifications.rb:164:in `instrument'
  actionpack (4.2.6) lib/action_controller/metal/instrumentation.rb:30:in `process_action'
  actionpack (4.2.6) lib/action_controller/metal/params_wrapper.rb:250:in `process_action'
  activerecord (4.2.6) lib/active_record/railties/controller_runtime.rb:18:in `process_action'
  actionpack (4.2.6) lib/abstract_controller/base.rb:137:in `process'
  actionview (4.2.6) lib/action_view/rendering.rb:30:in `process'
  actionpack (4.2.6) lib/action_controller/metal.rb:196:in `dispatch'
  actionpack (4.2.6) lib/action_controller/metal/rack_delegation.rb:13:in `dispatch'
  actionpack (4.2.6) lib/action_controller/metal.rb:237:in `block in action'
  actionpack (4.2.6) lib/action_dispatch/routing/route_set.rb:74:in `dispatch'
  actionpack (4.2.6) lib/action_dispatch/routing/route_set.rb:43:in `serve'
  actionpack (4.2.6) lib/action_dispatch/journey/router.rb:43:in `block in serve'
  actionpack (4.2.6) lib/action_dispatch/journey/router.rb:30:in `serve'
  actionpack (4.2.6) lib/action_dispatch/routing/route_set.rb:817:in `call'
  rack (1.6.5) lib/rack/etag.rb:24:in `call'
  rack (1.6.5) lib/rack/conditionalget.rb:38:in `call'
  rack (1.6.5) lib/rack/head.rb:13:in `call'
  actionpack (4.2.6) lib/action_dispatch/middleware/params_parser.rb:27:in `call'
  actionpack (4.2.6) lib/action_dispatch/middleware/flash.rb:260:in `call'
  rack (1.6.5) lib/rack/session/abstract/id.rb:225:in `context'
  rack (1.6.5) lib/rack/session/abstract/id.rb:220:in `call'
  actionpack (4.2.6) lib/action_dispatch/middleware/cookies.rb:560:in `call'
  activerecord (4.2.6) lib/active_record/query_cache.rb:36:in `call'
  activerecord (4.2.6) lib/active_record/connection_adapters/abstract/connection_pool.rb:653:in `call'
  activerecord (4.2.6) lib/active_record/migration.rb:377:in `call'
  actionpack (4.2.6) lib/action_dispatch/middleware/callbacks.rb:29:in `block in call'
  activesupport (4.2.6) lib/active_support/callbacks.rb:88:in `__run_callbacks__'
  activesupport (4.2.6) lib/active_support/callbacks.rb:778:in `_run_call_callbacks'
  activesupport (4.2.6) lib/active_support/callbacks.rb:81:in `run_callbacks'
  actionpack (4.2.6) lib/action_dispatch/middleware/callbacks.rb:27:in `call'
  actionpack (4.2.6) lib/action_dispatch/middleware/reloader.rb:73:in `call'
  actionpack (4.2.6) lib/action_dispatch/middleware/remote_ip.rb:78:in `call'
  better_errors (2.1.1) lib/better_errors/middleware.rb:84:in `protected_app_call'
  better_errors (2.1.1) lib/better_errors/middleware.rb:79:in `better_errors_call'
  better_errors (2.1.1) lib/better_errors/middleware.rb:57:in `call'
  actionpack (4.2.6) lib/action_dispatch/middleware/debug_exceptions.rb:17:in `call'
  web-console (2.3.0) lib/web_console/middleware.rb:28:in `block in call'
  web-console (2.3.0) lib/web_console/middleware.rb:18:in `call'
  actionpack (4.2.6) lib/action_dispatch/middleware/show_exceptions.rb:30:in `call'
  railties (4.2.6) lib/rails/rack/logger.rb:38:in `call_app'
  railties (4.2.6) lib/rails/rack/logger.rb:20:in `block in call'
  activesupport (4.2.6) lib/active_support/tagged_logging.rb:68:in `block in tagged'
  activesupport (4.2.6) lib/active_support/tagged_logging.rb:26:in `tagged'
  activesupport (4.2.6) lib/active_support/tagged_logging.rb:68:in `tagged'
  railties (4.2.6) lib/rails/rack/logger.rb:20:in `call'
  actionpack (4.2.6) lib/action_dispatch/middleware/request_id.rb:21:in `call'
  rack (1.6.5) lib/rack/methodoverride.rb:22:in `call'
  rack (1.6.5) lib/rack/runtime.rb:18:in `call'
  activesupport (4.2.6) lib/active_support/cache/strategy/local_cache_middleware.rb:28:in `call'
  rack (1.6.5) lib/rack/lock.rb:17:in `call'
  actionpack (4.2.6) lib/action_dispatch/middleware/static.rb:120:in `call'
  rack (1.6.5) lib/rack/sendfile.rb:113:in `call'
  railties (4.2.6) lib/rails/engine.rb:518:in `call'
  railties (4.2.6) lib/rails/application.rb:165:in `call'
  rack (1.6.5) lib/rack/lock.rb:17:in `call'
  rack (1.6.5) lib/rack/content_length.rb:15:in `call'
  rack (1.6.5) lib/rack/handler/webrick.rb:88:in `service'
  /Users/sophialiu/.rbenv/versions/2.2.5/lib/ruby/2.2.0/webrick/httpserver.rb:138:in `service'
  /Users/sophialiu/.rbenv/versions/2.2.5/lib/ruby/2.2.0/webrick/httpserver.rb:94:in `run'
  /Users/sophialiu/.rbenv/versions/2.2.5/lib/ruby/2.2.0/webrick/server.rb:294:in `block in start_thread'



Started GET "/" for ::1 at 2016-11-20 19:09:54 -0800
  [1m[36mActiveRecord::SchemaMigration Load (0.5ms)[0m  [1mSELECT "schema_migrations".* FROM "schema_migrations"[0m
Processing by StaticPagesController#root as HTML
  Rendered static_pages/root.html.erb within layouts/application (1.0ms)
Completed 200 OK in 171ms (Views: 168.5ms | ActiveRecord: 0.0ms)


Started GET "/assets/api/todos.self-e3b0c44298fc1c149afbf4c8996fb92427ae41e4649b934ca495991b7852b855.css?body=1" for ::1 at 2016-11-20 19:09:55 -0800


Started GET "/assets/static_pages.self-e3b0c44298fc1c149afbf4c8996fb92427ae41e4649b934ca495991b7852b855.css?body=1" for ::1 at 2016-11-20 19:09:55 -0800


Started GET "/assets/static_pages.self-877aef30ae1b040ab8a3aba4e3e309a11d7f2612f44dde450b5c157aa5f95c05.js?body=1" for ::1 at 2016-11-20 19:09:55 -0800


Started GET "/assets/application.self-e80e8f2318043e8af94dddc2adad5a4f09739a8ebb323b3ab31cd71d45fd9113.css?body=1" for ::1 at 2016-11-20 19:09:55 -0800


Started GET "/assets/jquery_ujs.self-784a997f6726036b1993eb2217c9cb558e1cbb801c6da88105588c56f13b466a.js?body=1" for ::1 at 2016-11-20 19:09:55 -0800


Started GET "/assets/api/todos.self-877aef30ae1b040ab8a3aba4e3e309a11d7f2612f44dde450b5c157aa5f95c05.js?body=1" for ::1 at 2016-11-20 19:09:55 -0800


Started GET "/assets/application.self-377610cd7c1509e934744c810e3b4cf672dfbcacac3274e7d039827e2ae0fcc7.js?body=1" for ::1 at 2016-11-20 19:09:55 -0800


Started GET "/assets/jquery.self-bd7ddd393353a8d2480a622e80342adf488fb6006d667e8b42e4c0073393abee.js?body=1" for ::1 at 2016-11-20 19:09:55 -0800


Started GET "/assets/bundle.self-f0f6d97a604aa5d59164267424005b9d66dc254b89eb4313135cfa179e556542.js?body=1" for ::1 at 2016-11-20 19:09:55 -0800


Started GET "/assets/bundle.js.map" for ::1 at 2016-11-20 19:09:55 -0800


Started GET "/" for ::1 at 2016-11-20 19:09:56 -0800
Processing by StaticPagesController#root as HTML
  Rendered static_pages/root.html.erb within layouts/application (0.0ms)
Completed 200 OK in 27ms (Views: 26.5ms | ActiveRecord: 0.0ms)


Started GET "/assets/application.self-e80e8f2318043e8af94dddc2adad5a4f09739a8ebb323b3ab31cd71d45fd9113.css?body=1" for ::1 at 2016-11-20 19:09:56 -0800


Started GET "/assets/jquery_ujs.self-784a997f6726036b1993eb2217c9cb558e1cbb801c6da88105588c56f13b466a.js?body=1" for ::1 at 2016-11-20 19:09:56 -0800


Started GET "/assets/static_pages.self-e3b0c44298fc1c149afbf4c8996fb92427ae41e4649b934ca495991b7852b855.css?body=1" for ::1 at 2016-11-20 19:09:56 -0800


Started GET "/assets/jquery.self-bd7ddd393353a8d2480a622e80342adf488fb6006d667e8b42e4c0073393abee.js?body=1" for ::1 at 2016-11-20 19:09:56 -0800


Started GET "/assets/api/todos.self-877aef30ae1b040ab8a3aba4e3e309a11d7f2612f44dde450b5c157aa5f95c05.js?body=1" for ::1 at 2016-11-20 19:09:56 -0800


Started GET "/assets/bundle.self-f0f6d97a604aa5d59164267424005b9d66dc254b89eb4313135cfa179e556542.js?body=1" for ::1 at 2016-11-20 19:09:56 -0800


Started GET "/assets/api/todos.self-e3b0c44298fc1c149afbf4c8996fb92427ae41e4649b934ca495991b7852b855.css?body=1" for ::1 at 2016-11-20 19:09:56 -0800


Started GET "/assets/static_pages.self-877aef30ae1b040ab8a3aba4e3e309a11d7f2612f44dde450b5c157aa5f95c05.js?body=1" for ::1 at 2016-11-20 19:09:56 -0800


Started GET "/assets/application.self-377610cd7c1509e934744c810e3b4cf672dfbcacac3274e7d039827e2ae0fcc7.js?body=1" for ::1 at 2016-11-20 19:09:56 -0800


Started GET "/assets/bundle.js.map" for ::1 at 2016-11-20 19:09:56 -0800


Started GET "/" for ::1 at 2016-11-20 19:09:57 -0800
Processing by StaticPagesController#root as HTML
  Rendered static_pages/root.html.erb within layouts/application (0.6ms)
Completed 200 OK in 27ms (Views: 26.4ms | ActiveRecord: 0.0ms)


Started GET "/assets/api/todos.self-e3b0c44298fc1c149afbf4c8996fb92427ae41e4649b934ca495991b7852b855.css?body=1" for ::1 at 2016-11-20 19:09:57 -0800


Started GET "/assets/api/todos.self-877aef30ae1b040ab8a3aba4e3e309a11d7f2612f44dde450b5c157aa5f95c05.js?body=1" for ::1 at 2016-11-20 19:09:57 -0800


Started GET "/assets/static_pages.self-e3b0c44298fc1c149afbf4c8996fb92427ae41e4649b934ca495991b7852b855.css?body=1" for ::1 at 2016-11-20 19:09:57 -0800


Started GET "/assets/jquery.self-bd7ddd393353a8d2480a622e80342adf488fb6006d667e8b42e4c0073393abee.js?body=1" for ::1 at 2016-11-20 19:09:57 -0800


Started GET "/assets/jquery_ujs.self-784a997f6726036b1993eb2217c9cb558e1cbb801c6da88105588c56f13b466a.js?body=1" for ::1 at 2016-11-20 19:09:57 -0800


Started GET "/assets/application.self-e80e8f2318043e8af94dddc2adad5a4f09739a8ebb323b3ab31cd71d45fd9113.css?body=1" for ::1 at 2016-11-20 19:09:57 -0800


Started GET "/assets/bundle.self-f0f6d97a604aa5d59164267424005b9d66dc254b89eb4313135cfa179e556542.js?body=1" for ::1 at 2016-11-20 19:09:57 -0800


Started GET "/assets/static_pages.self-877aef30ae1b040ab8a3aba4e3e309a11d7f2612f44dde450b5c157aa5f95c05.js?body=1" for ::1 at 2016-11-20 19:09:57 -0800


Started GET "/assets/application.self-377610cd7c1509e934744c810e3b4cf672dfbcacac3274e7d039827e2ae0fcc7.js?body=1" for ::1 at 2016-11-20 19:09:57 -0800


Started GET "/assets/bundle.js.map" for ::1 at 2016-11-20 19:09:57 -0800


Started GET "/" for ::1 at 2016-11-20 19:09:58 -0800
Processing by StaticPagesController#root as HTML
  Rendered static_pages/root.html.erb within layouts/application (0.0ms)
Completed 200 OK in 14ms (Views: 13.4ms | ActiveRecord: 0.0ms)


Started GET "/assets/api/todos.self-e3b0c44298fc1c149afbf4c8996fb92427ae41e4649b934ca495991b7852b855.css?body=1" for ::1 at 2016-11-20 19:09:58 -0800


Started GET "/assets/api/todos.self-877aef30ae1b040ab8a3aba4e3e309a11d7f2612f44dde450b5c157aa5f95c05.js?body=1" for ::1 at 2016-11-20 19:09:58 -0800


Started GET "/assets/jquery.self-bd7ddd393353a8d2480a622e80342adf488fb6006d667e8b42e4c0073393abee.js?body=1" for ::1 at 2016-11-20 19:09:58 -0800


Started GET "/assets/jquery_ujs.self-784a997f6726036b1993eb2217c9cb558e1cbb801c6da88105588c56f13b466a.js?body=1" for ::1 at 2016-11-20 19:09:58 -0800


Started GET "/assets/application.self-e80e8f2318043e8af94dddc2adad5a4f09739a8ebb323b3ab31cd71d45fd9113.css?body=1" for ::1 at 2016-11-20 19:09:58 -0800


Started GET "/assets/static_pages.self-e3b0c44298fc1c149afbf4c8996fb92427ae41e4649b934ca495991b7852b855.css?body=1" for ::1 at 2016-11-20 19:09:58 -0800


Started GET "/assets/static_pages.self-877aef30ae1b040ab8a3aba4e3e309a11d7f2612f44dde450b5c157aa5f95c05.js?body=1" for ::1 at 2016-11-20 19:09:58 -0800


Started GET "/assets/application.self-377610cd7c1509e934744c810e3b4cf672dfbcacac3274e7d039827e2ae0fcc7.js?body=1" for ::1 at 2016-11-20 19:09:58 -0800


Started GET "/assets/bundle.self-f0f6d97a604aa5d59164267424005b9d66dc254b89eb4313135cfa179e556542.js?body=1" for ::1 at 2016-11-20 19:09:58 -0800


Started GET "/assets/bundle.js.map" for ::1 at 2016-11-20 19:09:59 -0800


Started GET "/" for ::1 at 2016-11-20 19:12:36 -0800
Processing by StaticPagesController#root as HTML
  Rendered static_pages/root.html.erb within layouts/application (5.7ms)
Completed 200 OK in 54ms (Views: 53.2ms | ActiveRecord: 0.0ms)


Started GET "/assets/application.self-e80e8f2318043e8af94dddc2adad5a4f09739a8ebb323b3ab31cd71d45fd9113.css?body=1" for ::1 at 2016-11-20 19:12:36 -0800


Started GET "/assets/jquery.self-bd7ddd393353a8d2480a622e80342adf488fb6006d667e8b42e4c0073393abee.js?body=1" for ::1 at 2016-11-20 19:12:36 -0800


Started GET "/assets/jquery_ujs.self-784a997f6726036b1993eb2217c9cb558e1cbb801c6da88105588c56f13b466a.js?body=1" for ::1 at 2016-11-20 19:12:36 -0800


Started GET "/assets/api/todos.self-877aef30ae1b040ab8a3aba4e3e309a11d7f2612f44dde450b5c157aa5f95c05.js?body=1" for ::1 at 2016-11-20 19:12:36 -0800


Started GET "/assets/application.self-377610cd7c1509e934744c810e3b4cf672dfbcacac3274e7d039827e2ae0fcc7.js?body=1" for ::1 at 2016-11-20 19:12:36 -0800


Started GET "/assets/static_pages.self-e3b0c44298fc1c149afbf4c8996fb92427ae41e4649b934ca495991b7852b855.css?body=1" for ::1 at 2016-11-20 19:12:36 -0800


Started GET "/assets/bundle.self-f0f6d97a604aa5d59164267424005b9d66dc254b89eb4313135cfa179e556542.js?body=1" for ::1 at 2016-11-20 19:12:36 -0800


Started GET "/assets/static_pages.self-877aef30ae1b040ab8a3aba4e3e309a11d7f2612f44dde450b5c157aa5f95c05.js?body=1" for ::1 at 2016-11-20 19:12:36 -0800


Started GET "/assets/api/todos.self-e3b0c44298fc1c149afbf4c8996fb92427ae41e4649b934ca495991b7852b855.css?body=1" for ::1 at 2016-11-20 19:12:36 -0800


Started GET "/assets/bundle.js.map" for ::1 at 2016-11-20 19:12:36 -0800


Started GET "/" for ::1 at 2016-11-20 23:40:07 -0800
Processing by StaticPagesController#root as HTML
  Rendered static_pages/root.html.erb within layouts/application (0.4ms)
Completed 200 OK in 108ms (Views: 107.1ms | ActiveRecord: 0.0ms)


Started GET "/assets/api/todos.self-e3b0c44298fc1c149afbf4c8996fb92427ae41e4649b934ca495991b7852b855.css?body=1" for ::1 at 2016-11-20 23:40:07 -0800


Started GET "/assets/static_pages.self-e3b0c44298fc1c149afbf4c8996fb92427ae41e4649b934ca495991b7852b855.css?body=1" for ::1 at 2016-11-20 23:40:07 -0800


Started GET "/assets/jquery.self-bd7ddd393353a8d2480a622e80342adf488fb6006d667e8b42e4c0073393abee.js?body=1" for ::1 at 2016-11-20 23:40:07 -0800


Started GET "/assets/application.self-e80e8f2318043e8af94dddc2adad5a4f09739a8ebb323b3ab31cd71d45fd9113.css?body=1" for ::1 at 2016-11-20 23:40:07 -0800


Started GET "/assets/jquery_ujs.self-784a997f6726036b1993eb2217c9cb558e1cbb801c6da88105588c56f13b466a.js?body=1" for ::1 at 2016-11-20 23:40:08 -0800


Started GET "/assets/api/todos.self-877aef30ae1b040ab8a3aba4e3e309a11d7f2612f44dde450b5c157aa5f95c05.js?body=1" for ::1 at 2016-11-20 23:40:08 -0800


Started GET "/assets/bundle.self-f0f6d97a604aa5d59164267424005b9d66dc254b89eb4313135cfa179e556542.js?body=1" for ::1 at 2016-11-20 23:40:08 -0800


Started GET "/assets/static_pages.self-877aef30ae1b040ab8a3aba4e3e309a11d7f2612f44dde450b5c157aa5f95c05.js?body=1" for ::1 at 2016-11-20 23:40:08 -0800


Started GET "/assets/application.self-377610cd7c1509e934744c810e3b4cf672dfbcacac3274e7d039827e2ae0fcc7.js?body=1" for ::1 at 2016-11-20 23:40:08 -0800


Started GET "/assets/bundle.js.map" for ::1 at 2016-11-20 23:40:08 -0800


Started GET "/" for ::1 at 2016-11-20 23:40:08 -0800
Processing by StaticPagesController#root as HTML
  Rendered static_pages/root.html.erb within layouts/application (0.0ms)
Completed 200 OK in 100ms (Views: 99.2ms | ActiveRecord: 0.0ms)


Started GET "/assets/api/todos.self-e3b0c44298fc1c149afbf4c8996fb92427ae41e4649b934ca495991b7852b855.css?body=1" for ::1 at 2016-11-20 23:40:09 -0800


Started GET "/assets/jquery.self-bd7ddd393353a8d2480a622e80342adf488fb6006d667e8b42e4c0073393abee.js?body=1" for ::1 at 2016-11-20 23:40:09 -0800


Started GET "/assets/static_pages.self-e3b0c44298fc1c149afbf4c8996fb92427ae41e4649b934ca495991b7852b855.css?body=1" for ::1 at 2016-11-20 23:40:09 -0800


Started GET "/assets/application.self-e80e8f2318043e8af94dddc2adad5a4f09739a8ebb323b3ab31cd71d45fd9113.css?body=1" for ::1 at 2016-11-20 23:40:09 -0800


Started GET "/assets/jquery_ujs.self-784a997f6726036b1993eb2217c9cb558e1cbb801c6da88105588c56f13b466a.js?body=1" for ::1 at 2016-11-20 23:40:09 -0800


Started GET "/assets/api/todos.self-877aef30ae1b040ab8a3aba4e3e309a11d7f2612f44dde450b5c157aa5f95c05.js?body=1" for ::1 at 2016-11-20 23:40:09 -0800


Started GET "/assets/bundle.self-f0f6d97a604aa5d59164267424005b9d66dc254b89eb4313135cfa179e556542.js?body=1" for ::1 at 2016-11-20 23:40:09 -0800


Started GET "/assets/application.self-377610cd7c1509e934744c810e3b4cf672dfbcacac3274e7d039827e2ae0fcc7.js?body=1" for ::1 at 2016-11-20 23:40:09 -0800


Started GET "/assets/static_pages.self-877aef30ae1b040ab8a3aba4e3e309a11d7f2612f44dde450b5c157aa5f95c05.js?body=1" for ::1 at 2016-11-20 23:40:09 -0800


Started GET "/assets/bundle.js.map" for ::1 at 2016-11-20 23:40:09 -0800


Started GET "/" for ::1 at 2016-11-20 23:40:10 -0800
Processing by StaticPagesController#root as HTML
  Rendered static_pages/root.html.erb within layouts/application (0.0ms)
Completed 200 OK in 19ms (Views: 19.0ms | ActiveRecord: 0.0ms)


Started GET "/assets/api/todos.self-e3b0c44298fc1c149afbf4c8996fb92427ae41e4649b934ca495991b7852b855.css?body=1" for ::1 at 2016-11-20 23:40:10 -0800


Started GET "/assets/jquery_ujs.self-784a997f6726036b1993eb2217c9cb558e1cbb801c6da88105588c56f13b466a.js?body=1" for ::1 at 2016-11-20 23:40:10 -0800


Started GET "/assets/application.self-e80e8f2318043e8af94dddc2adad5a4f09739a8ebb323b3ab31cd71d45fd9113.css?body=1" for ::1 at 2016-11-20 23:40:10 -0800


Started GET "/assets/jquery.self-bd7ddd393353a8d2480a622e80342adf488fb6006d667e8b42e4c0073393abee.js?body=1" for ::1 at 2016-11-20 23:40:10 -0800


Started GET "/assets/static_pages.self-e3b0c44298fc1c149afbf4c8996fb92427ae41e4649b934ca495991b7852b855.css?body=1" for ::1 at 2016-11-20 23:40:10 -0800


Started GET "/assets/api/todos.self-877aef30ae1b040ab8a3aba4e3e309a11d7f2612f44dde450b5c157aa5f95c05.js?body=1" for ::1 at 2016-11-20 23:40:10 -0800


Started GET "/assets/static_pages.self-877aef30ae1b040ab8a3aba4e3e309a11d7f2612f44dde450b5c157aa5f95c05.js?body=1" for ::1 at 2016-11-20 23:40:10 -0800


Started GET "/assets/application.self-377610cd7c1509e934744c810e3b4cf672dfbcacac3274e7d039827e2ae0fcc7.js?body=1" for ::1 at 2016-11-20 23:40:10 -0800


Started GET "/assets/bundle.self-f0f6d97a604aa5d59164267424005b9d66dc254b89eb4313135cfa179e556542.js?body=1" for ::1 at 2016-11-20 23:40:10 -0800


Started GET "/assets/bundle.js.map" for ::1 at 2016-11-20 23:40:10 -0800


Started GET "/" for ::1 at 2016-11-20 23:44:24 -0800
Processing by StaticPagesController#root as HTML
  Rendered static_pages/root.html.erb within layouts/application (0.4ms)
Completed 200 OK in 52ms (Views: 50.1ms | ActiveRecord: 0.0ms)


Started GET "/assets/static_pages.self-e3b0c44298fc1c149afbf4c8996fb92427ae41e4649b934ca495991b7852b855.css?body=1" for ::1 at 2016-11-20 23:44:24 -0800


Started GET "/assets/application.self-e80e8f2318043e8af94dddc2adad5a4f09739a8ebb323b3ab31cd71d45fd9113.css?body=1" for ::1 at 2016-11-20 23:44:24 -0800


Started GET "/assets/jquery.self-bd7ddd393353a8d2480a622e80342adf488fb6006d667e8b42e4c0073393abee.js?body=1" for ::1 at 2016-11-20 23:44:24 -0800


Started GET "/assets/jquery_ujs.self-784a997f6726036b1993eb2217c9cb558e1cbb801c6da88105588c56f13b466a.js?body=1" for ::1 at 2016-11-20 23:44:24 -0800


Started GET "/assets/api/todos.self-877aef30ae1b040ab8a3aba4e3e309a11d7f2612f44dde450b5c157aa5f95c05.js?body=1" for ::1 at 2016-11-20 23:44:24 -0800


Started GET "/assets/bundle.self-f0f6d97a604aa5d59164267424005b9d66dc254b89eb4313135cfa179e556542.js?body=1" for ::1 at 2016-11-20 23:44:24 -0800


Started GET "/assets/api/todos.self-e3b0c44298fc1c149afbf4c8996fb92427ae41e4649b934ca495991b7852b855.css?body=1" for ::1 at 2016-11-20 23:44:24 -0800


Started GET "/assets/static_pages.self-877aef30ae1b040ab8a3aba4e3e309a11d7f2612f44dde450b5c157aa5f95c05.js?body=1" for ::1 at 2016-11-20 23:44:24 -0800


Started GET "/assets/application.self-377610cd7c1509e934744c810e3b4cf672dfbcacac3274e7d039827e2ae0fcc7.js?body=1" for ::1 at 2016-11-20 23:44:24 -0800


Started GET "/assets/bundle.js.map" for ::1 at 2016-11-20 23:44:24 -0800


Started GET "/" for ::1 at 2016-11-20 23:46:15 -0800
Processing by StaticPagesController#root as HTML
  Rendered static_pages/root.html.erb within layouts/application (0.0ms)
Completed 200 OK in 29ms (Views: 28.7ms | ActiveRecord: 0.0ms)


Started GET "/assets/api/todos.self-e3b0c44298fc1c149afbf4c8996fb92427ae41e4649b934ca495991b7852b855.css?body=1" for ::1 at 2016-11-20 23:46:15 -0800


Started GET "/assets/jquery.self-bd7ddd393353a8d2480a622e80342adf488fb6006d667e8b42e4c0073393abee.js?body=1" for ::1 at 2016-11-20 23:46:15 -0800


Started GET "/assets/static_pages.self-e3b0c44298fc1c149afbf4c8996fb92427ae41e4649b934ca495991b7852b855.css?body=1" for ::1 at 2016-11-20 23:46:15 -0800


Started GET "/assets/application.self-e80e8f2318043e8af94dddc2adad5a4f09739a8ebb323b3ab31cd71d45fd9113.css?body=1" for ::1 at 2016-11-20 23:46:16 -0800


Started GET "/assets/jquery_ujs.self-784a997f6726036b1993eb2217c9cb558e1cbb801c6da88105588c56f13b466a.js?body=1" for ::1 at 2016-11-20 23:46:16 -0800


Started GET "/assets/bundle.self-f0f6d97a604aa5d59164267424005b9d66dc254b89eb4313135cfa179e556542.js?body=1" for ::1 at 2016-11-20 23:46:16 -0800


Started GET "/assets/api/todos.self-877aef30ae1b040ab8a3aba4e3e309a11d7f2612f44dde450b5c157aa5f95c05.js?body=1" for ::1 at 2016-11-20 23:46:16 -0800


Started GET "/assets/static_pages.self-877aef30ae1b040ab8a3aba4e3e309a11d7f2612f44dde450b5c157aa5f95c05.js?body=1" for ::1 at 2016-11-20 23:46:16 -0800


Started GET "/assets/application.self-377610cd7c1509e934744c810e3b4cf672dfbcacac3274e7d039827e2ae0fcc7.js?body=1" for ::1 at 2016-11-20 23:46:16 -0800


Started GET "/assets/bundle.js.map" for ::1 at 2016-11-20 23:46:16 -0800


Started GET "/api/todos" for ::1 at 2016-11-20 23:46:49 -0800
Processing by Api::TodosController#index as JSON
  [1m[35mTodo Load (10.5ms)[0m  SELECT "todos".* FROM "todos"
Completed 200 OK in 26ms (Views: 13.0ms | ActiveRecord: 10.5ms)


Started GET "/" for ::1 at 2016-11-20 23:47:30 -0800
Processing by StaticPagesController#root as HTML
  Rendered static_pages/root.html.erb within layouts/application (0.0ms)
Completed 200 OK in 14ms (Views: 14.1ms | ActiveRecord: 0.0ms)


Started GET "/assets/api/todos.self-e3b0c44298fc1c149afbf4c8996fb92427ae41e4649b934ca495991b7852b855.css?body=1" for ::1 at 2016-11-20 23:47:30 -0800


Started GET "/assets/static_pages.self-e3b0c44298fc1c149afbf4c8996fb92427ae41e4649b934ca495991b7852b855.css?body=1" for ::1 at 2016-11-20 23:47:30 -0800


Started GET "/assets/application.self-e80e8f2318043e8af94dddc2adad5a4f09739a8ebb323b3ab31cd71d45fd9113.css?body=1" for ::1 at 2016-11-20 23:47:30 -0800


Started GET "/assets/jquery.self-bd7ddd393353a8d2480a622e80342adf488fb6006d667e8b42e4c0073393abee.js?body=1" for ::1 at 2016-11-20 23:47:30 -0800


Started GET "/assets/api/todos.self-877aef30ae1b040ab8a3aba4e3e309a11d7f2612f44dde450b5c157aa5f95c05.js?body=1" for ::1 at 2016-11-20 23:47:30 -0800


Started GET "/assets/jquery_ujs.self-784a997f6726036b1993eb2217c9cb558e1cbb801c6da88105588c56f13b466a.js?body=1" for ::1 at 2016-11-20 23:47:30 -0800


Started GET "/assets/bundle.self-f0f6d97a604aa5d59164267424005b9d66dc254b89eb4313135cfa179e556542.js?body=1" for ::1 at 2016-11-20 23:47:30 -0800


Started GET "/assets/application.self-377610cd7c1509e934744c810e3b4cf672dfbcacac3274e7d039827e2ae0fcc7.js?body=1" for ::1 at 2016-11-20 23:47:30 -0800


Started GET "/assets/static_pages.self-877aef30ae1b040ab8a3aba4e3e309a11d7f2612f44dde450b5c157aa5f95c05.js?body=1" for ::1 at 2016-11-20 23:47:30 -0800


Started GET "/assets/bundle.js.map" for ::1 at 2016-11-20 23:47:30 -0800


Started GET "/" for ::1 at 2016-11-20 23:47:31 -0800
Processing by StaticPagesController#root as HTML
  Rendered static_pages/root.html.erb within layouts/application (0.0ms)
Completed 200 OK in 14ms (Views: 14.2ms | ActiveRecord: 0.0ms)


Started GET "/assets/api/todos.self-e3b0c44298fc1c149afbf4c8996fb92427ae41e4649b934ca495991b7852b855.css?body=1" for ::1 at 2016-11-20 23:47:31 -0800


Started GET "/assets/static_pages.self-e3b0c44298fc1c149afbf4c8996fb92427ae41e4649b934ca495991b7852b855.css?body=1" for ::1 at 2016-11-20 23:47:31 -0800


Started GET "/assets/application.self-e80e8f2318043e8af94dddc2adad5a4f09739a8ebb323b3ab31cd71d45fd9113.css?body=1" for ::1 at 2016-11-20 23:47:31 -0800


Started GET "/assets/jquery.self-bd7ddd393353a8d2480a622e80342adf488fb6006d667e8b42e4c0073393abee.js?body=1" for ::1 at 2016-11-20 23:47:31 -0800


Started GET "/assets/jquery_ujs.self-784a997f6726036b1993eb2217c9cb558e1cbb801c6da88105588c56f13b466a.js?body=1" for ::1 at 2016-11-20 23:47:31 -0800


Started GET "/assets/api/todos.self-877aef30ae1b040ab8a3aba4e3e309a11d7f2612f44dde450b5c157aa5f95c05.js?body=1" for ::1 at 2016-11-20 23:47:31 -0800


Started GET "/assets/static_pages.self-877aef30ae1b040ab8a3aba4e3e309a11d7f2612f44dde450b5c157aa5f95c05.js?body=1" for ::1 at 2016-11-20 23:47:31 -0800


Started GET "/assets/application.self-377610cd7c1509e934744c810e3b4cf672dfbcacac3274e7d039827e2ae0fcc7.js?body=1" for ::1 at 2016-11-20 23:47:31 -0800


Started GET "/assets/bundle.self-f0f6d97a604aa5d59164267424005b9d66dc254b89eb4313135cfa179e556542.js?body=1" for ::1 at 2016-11-20 23:47:31 -0800


Started GET "/assets/bundle.js.map" for ::1 at 2016-11-20 23:47:31 -0800


Started GET "/" for ::1 at 2016-11-20 23:47:33 -0800
Processing by StaticPagesController#root as HTML
  Rendered static_pages/root.html.erb within layouts/application (0.0ms)
Completed 200 OK in 16ms (Views: 15.8ms | ActiveRecord: 0.0ms)


Started GET "/assets/api/todos.self-e3b0c44298fc1c149afbf4c8996fb92427ae41e4649b934ca495991b7852b855.css?body=1" for ::1 at 2016-11-20 23:47:33 -0800


Started GET "/assets/jquery_ujs.self-784a997f6726036b1993eb2217c9cb558e1cbb801c6da88105588c56f13b466a.js?body=1" for ::1 at 2016-11-20 23:47:33 -0800


Started GET "/assets/application.self-e80e8f2318043e8af94dddc2adad5a4f09739a8ebb323b3ab31cd71d45fd9113.css?body=1" for ::1 at 2016-11-20 23:47:33 -0800


Started GET "/assets/static_pages.self-877aef30ae1b040ab8a3aba4e3e309a11d7f2612f44dde450b5c157aa5f95c05.js?body=1" for ::1 at 2016-11-20 23:47:33 -0800


Started GET "/assets/static_pages.self-e3b0c44298fc1c149afbf4c8996fb92427ae41e4649b934ca495991b7852b855.css?body=1" for ::1 at 2016-11-20 23:47:33 -0800


Started GET "/assets/api/todos.self-877aef30ae1b040ab8a3aba4e3e309a11d7f2612f44dde450b5c157aa5f95c05.js?body=1" for ::1 at 2016-11-20 23:47:33 -0800


Started GET "/assets/bundle.self-f0f6d97a604aa5d59164267424005b9d66dc254b89eb4313135cfa179e556542.js?body=1" for ::1 at 2016-11-20 23:47:33 -0800


Started GET "/assets/jquery.self-bd7ddd393353a8d2480a622e80342adf488fb6006d667e8b42e4c0073393abee.js?body=1" for ::1 at 2016-11-20 23:47:33 -0800


Started GET "/assets/application.self-377610cd7c1509e934744c810e3b4cf672dfbcacac3274e7d039827e2ae0fcc7.js?body=1" for ::1 at 2016-11-20 23:47:33 -0800


Started GET "/assets/bundle.js.map" for ::1 at 2016-11-20 23:47:33 -0800


Started GET "/" for ::1 at 2016-11-20 23:47:38 -0800
Processing by StaticPagesController#root as HTML
  Rendered static_pages/root.html.erb within layouts/application (0.0ms)
Completed 200 OK in 13ms (Views: 12.4ms | ActiveRecord: 0.0ms)


Started GET "/assets/static_pages.self-e3b0c44298fc1c149afbf4c8996fb92427ae41e4649b934ca495991b7852b855.css?body=1" for ::1 at 2016-11-20 23:47:38 -0800


Started GET "/assets/api/todos.self-877aef30ae1b040ab8a3aba4e3e309a11d7f2612f44dde450b5c157aa5f95c05.js?body=1" for ::1 at 2016-11-20 23:47:38 -0800


Started GET "/assets/api/todos.self-e3b0c44298fc1c149afbf4c8996fb92427ae41e4649b934ca495991b7852b855.css?body=1" for ::1 at 2016-11-20 23:47:38 -0800


Started GET "/assets/application.self-e80e8f2318043e8af94dddc2adad5a4f09739a8ebb323b3ab31cd71d45fd9113.css?body=1" for ::1 at 2016-11-20 23:47:38 -0800


Started GET "/assets/jquery.self-bd7ddd393353a8d2480a622e80342adf488fb6006d667e8b42e4c0073393abee.js?body=1" for ::1 at 2016-11-20 23:47:38 -0800


Started GET "/assets/jquery_ujs.self-784a997f6726036b1993eb2217c9cb558e1cbb801c6da88105588c56f13b466a.js?body=1" for ::1 at 2016-11-20 23:47:38 -0800


Started GET "/assets/bundle.self-f0f6d97a604aa5d59164267424005b9d66dc254b89eb4313135cfa179e556542.js?body=1" for ::1 at 2016-11-20 23:47:38 -0800


Started GET "/assets/static_pages.self-877aef30ae1b040ab8a3aba4e3e309a11d7f2612f44dde450b5c157aa5f95c05.js?body=1" for ::1 at 2016-11-20 23:47:38 -0800


Started GET "/assets/application.self-377610cd7c1509e934744c810e3b4cf672dfbcacac3274e7d039827e2ae0fcc7.js?body=1" for ::1 at 2016-11-20 23:47:38 -0800


Started GET "/assets/bundle.js.map" for ::1 at 2016-11-20 23:47:38 -0800


Started GET "/" for ::1 at 2016-11-20 23:52:00 -0800
Processing by StaticPagesController#root as HTML
  Rendered static_pages/root.html.erb within layouts/application (0.0ms)
Completed 200 OK in 14ms (Views: 14.3ms | ActiveRecord: 0.0ms)


Started GET "/assets/api/todos.self-e3b0c44298fc1c149afbf4c8996fb92427ae41e4649b934ca495991b7852b855.css?body=1" for ::1 at 2016-11-20 23:52:00 -0800


Started GET "/assets/jquery.self-bd7ddd393353a8d2480a622e80342adf488fb6006d667e8b42e4c0073393abee.js?body=1" for ::1 at 2016-11-20 23:52:00 -0800


Started GET "/assets/application.self-e80e8f2318043e8af94dddc2adad5a4f09739a8ebb323b3ab31cd71d45fd9113.css?body=1" for ::1 at 2016-11-20 23:52:00 -0800


Started GET "/assets/api/todos.self-877aef30ae1b040ab8a3aba4e3e309a11d7f2612f44dde450b5c157aa5f95c05.js?body=1" for ::1 at 2016-11-20 23:52:00 -0800


Started GET "/assets/jquery_ujs.self-784a997f6726036b1993eb2217c9cb558e1cbb801c6da88105588c56f13b466a.js?body=1" for ::1 at 2016-11-20 23:52:00 -0800


Started GET "/assets/static_pages.self-e3b0c44298fc1c149afbf4c8996fb92427ae41e4649b934ca495991b7852b855.css?body=1" for ::1 at 2016-11-20 23:52:00 -0800


Started GET "/assets/bundle.self-f0f6d97a604aa5d59164267424005b9d66dc254b89eb4313135cfa179e556542.js?body=1" for ::1 at 2016-11-20 23:52:00 -0800


Started GET "/assets/static_pages.self-877aef30ae1b040ab8a3aba4e3e309a11d7f2612f44dde450b5c157aa5f95c05.js?body=1" for ::1 at 2016-11-20 23:52:00 -0800


Started GET "/assets/application.self-377610cd7c1509e934744c810e3b4cf672dfbcacac3274e7d039827e2ae0fcc7.js?body=1" for ::1 at 2016-11-20 23:52:01 -0800


Started GET "/assets/bundle.js.map" for ::1 at 2016-11-20 23:52:01 -0800


Started GET "/" for ::1 at 2016-11-20 23:53:33 -0800
Processing by StaticPagesController#root as HTML
  Rendered static_pages/root.html.erb within layouts/application (0.0ms)
Completed 200 OK in 13ms (Views: 12.9ms | ActiveRecord: 0.0ms)


Started GET "/assets/api/todos.self-e3b0c44298fc1c149afbf4c8996fb92427ae41e4649b934ca495991b7852b855.css?body=1" for ::1 at 2016-11-20 23:53:33 -0800


Started GET "/assets/static_pages.self-e3b0c44298fc1c149afbf4c8996fb92427ae41e4649b934ca495991b7852b855.css?body=1" for ::1 at 2016-11-20 23:53:33 -0800


Started GET "/assets/application.self-e80e8f2318043e8af94dddc2adad5a4f09739a8ebb323b3ab31cd71d45fd9113.css?body=1" for ::1 at 2016-11-20 23:53:33 -0800


Started GET "/assets/jquery.self-bd7ddd393353a8d2480a622e80342adf488fb6006d667e8b42e4c0073393abee.js?body=1" for ::1 at 2016-11-20 23:53:33 -0800


Started GET "/assets/jquery_ujs.self-784a997f6726036b1993eb2217c9cb558e1cbb801c6da88105588c56f13b466a.js?body=1" for ::1 at 2016-11-20 23:53:33 -0800


Started GET "/assets/api/todos.self-877aef30ae1b040ab8a3aba4e3e309a11d7f2612f44dde450b5c157aa5f95c05.js?body=1" for ::1 at 2016-11-20 23:53:33 -0800


Started GET "/assets/bundle.self-f0f6d97a604aa5d59164267424005b9d66dc254b89eb4313135cfa179e556542.js?body=1" for ::1 at 2016-11-20 23:53:33 -0800


Started GET "/assets/static_pages.self-877aef30ae1b040ab8a3aba4e3e309a11d7f2612f44dde450b5c157aa5f95c05.js?body=1" for ::1 at 2016-11-20 23:53:33 -0800


Started GET "/assets/application.self-377610cd7c1509e934744c810e3b4cf672dfbcacac3274e7d039827e2ae0fcc7.js?body=1" for ::1 at 2016-11-20 23:53:33 -0800


Started GET "/assets/bundle.js.map" for ::1 at 2016-11-20 23:53:33 -0800


Started GET "/" for ::1 at 2016-11-20 23:53:36 -0800
Processing by StaticPagesController#root as HTML
  Rendered static_pages/root.html.erb within layouts/application (0.0ms)
Completed 200 OK in 14ms (Views: 14.1ms | ActiveRecord: 0.0ms)


Started GET "/assets/static_pages.self-e3b0c44298fc1c149afbf4c8996fb92427ae41e4649b934ca495991b7852b855.css?body=1" for ::1 at 2016-11-20 23:53:36 -0800


Started GET "/assets/api/todos.self-e3b0c44298fc1c149afbf4c8996fb92427ae41e4649b934ca495991b7852b855.css?body=1" for ::1 at 2016-11-20 23:53:37 -0800


Started GET "/assets/jquery.self-bd7ddd393353a8d2480a622e80342adf488fb6006d667e8b42e4c0073393abee.js?body=1" for ::1 at 2016-11-20 23:53:37 -0800


Started GET "/assets/application.self-e80e8f2318043e8af94dddc2adad5a4f09739a8ebb323b3ab31cd71d45fd9113.css?body=1" for ::1 at 2016-11-20 23:53:37 -0800


Started GET "/assets/jquery_ujs.self-784a997f6726036b1993eb2217c9cb558e1cbb801c6da88105588c56f13b466a.js?body=1" for ::1 at 2016-11-20 23:53:37 -0800


Started GET "/assets/api/todos.self-877aef30ae1b040ab8a3aba4e3e309a11d7f2612f44dde450b5c157aa5f95c05.js?body=1" for ::1 at 2016-11-20 23:53:37 -0800


Started GET "/assets/bundle.self-f0f6d97a604aa5d59164267424005b9d66dc254b89eb4313135cfa179e556542.js?body=1" for ::1 at 2016-11-20 23:53:37 -0800


Started GET "/assets/static_pages.self-877aef30ae1b040ab8a3aba4e3e309a11d7f2612f44dde450b5c157aa5f95c05.js?body=1" for ::1 at 2016-11-20 23:53:37 -0800


Started GET "/assets/application.self-377610cd7c1509e934744c810e3b4cf672dfbcacac3274e7d039827e2ae0fcc7.js?body=1" for ::1 at 2016-11-20 23:53:37 -0800


Started GET "/" for ::1 at 2016-11-21 09:03:45 -0800
Processing by StaticPagesController#root as HTML
  Rendered static_pages/root.html.erb within layouts/application (0.4ms)
Completed 200 OK in 62ms (Views: 60.5ms | ActiveRecord: 0.0ms)


Started GET "/assets/static_pages.self-e3b0c44298fc1c149afbf4c8996fb92427ae41e4649b934ca495991b7852b855.css?body=1" for ::1 at 2016-11-21 09:03:45 -0800


Started GET "/assets/application.self-e80e8f2318043e8af94dddc2adad5a4f09739a8ebb323b3ab31cd71d45fd9113.css?body=1" for ::1 at 2016-11-21 09:03:45 -0800


Started GET "/assets/application.self-377610cd7c1509e934744c810e3b4cf672dfbcacac3274e7d039827e2ae0fcc7.js?body=1" for ::1 at 2016-11-21 09:03:45 -0800


Started GET "/assets/static_pages.self-877aef30ae1b040ab8a3aba4e3e309a11d7f2612f44dde450b5c157aa5f95c05.js?body=1" for ::1 at 2016-11-21 09:03:45 -0800


Started GET "/assets/jquery.self-bd7ddd393353a8d2480a622e80342adf488fb6006d667e8b42e4c0073393abee.js?body=1" for ::1 at 2016-11-21 09:03:45 -0800


Started GET "/assets/api/todos.self-e3b0c44298fc1c149afbf4c8996fb92427ae41e4649b934ca495991b7852b855.css?body=1" for ::1 at 2016-11-21 09:03:45 -0800


Started GET "/assets/jquery_ujs.self-784a997f6726036b1993eb2217c9cb558e1cbb801c6da88105588c56f13b466a.js?body=1" for ::1 at 2016-11-21 09:03:45 -0800


Started GET "/assets/api/todos.self-877aef30ae1b040ab8a3aba4e3e309a11d7f2612f44dde450b5c157aa5f95c05.js?body=1" for ::1 at 2016-11-21 09:03:45 -0800


Started GET "/assets/bundle.self-f0f6d97a604aa5d59164267424005b9d66dc254b89eb4313135cfa179e556542.js?body=1" for ::1 at 2016-11-21 09:03:45 -0800


Started GET "/assets/bundle.js.map" for ::1 at 2016-11-21 09:03:45 -0800


Started GET "/" for ::1 at 2016-11-21 09:04:49 -0800
Processing by StaticPagesController#root as HTML
  Rendered static_pages/root.html.erb within layouts/application (0.0ms)
Completed 200 OK in 23ms (Views: 22.4ms | ActiveRecord: 0.0ms)


Started GET "/assets/api/todos.self-e3b0c44298fc1c149afbf4c8996fb92427ae41e4649b934ca495991b7852b855.css?body=1" for ::1 at 2016-11-21 09:04:49 -0800


Started GET "/assets/api/todos.self-877aef30ae1b040ab8a3aba4e3e309a11d7f2612f44dde450b5c157aa5f95c05.js?body=1" for ::1 at 2016-11-21 09:04:49 -0800


Started GET "/assets/jquery_ujs.self-784a997f6726036b1993eb2217c9cb558e1cbb801c6da88105588c56f13b466a.js?body=1" for ::1 at 2016-11-21 09:04:49 -0800


Started GET "/assets/application.self-e80e8f2318043e8af94dddc2adad5a4f09739a8ebb323b3ab31cd71d45fd9113.css?body=1" for ::1 at 2016-11-21 09:04:49 -0800


Started GET "/assets/static_pages.self-e3b0c44298fc1c149afbf4c8996fb92427ae41e4649b934ca495991b7852b855.css?body=1" for ::1 at 2016-11-21 09:04:49 -0800


Started GET "/assets/bundle.self-f0f6d97a604aa5d59164267424005b9d66dc254b89eb4313135cfa179e556542.js?body=1" for ::1 at 2016-11-21 09:04:49 -0800


Started GET "/assets/static_pages.self-877aef30ae1b040ab8a3aba4e3e309a11d7f2612f44dde450b5c157aa5f95c05.js?body=1" for ::1 at 2016-11-21 09:04:49 -0800


Started GET "/assets/application.self-377610cd7c1509e934744c810e3b4cf672dfbcacac3274e7d039827e2ae0fcc7.js?body=1" for ::1 at 2016-11-21 09:04:49 -0800


Started GET "/assets/jquery.self-bd7ddd393353a8d2480a622e80342adf488fb6006d667e8b42e4c0073393abee.js?body=1" for ::1 at 2016-11-21 09:04:49 -0800


Started GET "/assets/bundle.js.map" for ::1 at 2016-11-21 09:04:49 -0800


Started GET "/" for ::1 at 2016-11-21 09:04:52 -0800
Processing by StaticPagesController#root as HTML
  Rendered static_pages/root.html.erb within layouts/application (0.0ms)
Completed 200 OK in 26ms (Views: 25.5ms | ActiveRecord: 0.0ms)


Started GET "/assets/api/todos.self-e3b0c44298fc1c149afbf4c8996fb92427ae41e4649b934ca495991b7852b855.css?body=1" for ::1 at 2016-11-21 09:04:53 -0800


Started GET "/assets/application.self-e80e8f2318043e8af94dddc2adad5a4f09739a8ebb323b3ab31cd71d45fd9113.css?body=1" for ::1 at 2016-11-21 09:04:53 -0800


Started GET "/assets/jquery_ujs.self-784a997f6726036b1993eb2217c9cb558e1cbb801c6da88105588c56f13b466a.js?body=1" for ::1 at 2016-11-21 09:04:53 -0800


Started GET "/assets/api/todos.self-877aef30ae1b040ab8a3aba4e3e309a11d7f2612f44dde450b5c157aa5f95c05.js?body=1" for ::1 at 2016-11-21 09:04:53 -0800


Started GET "/assets/bundle.self-f0f6d97a604aa5d59164267424005b9d66dc254b89eb4313135cfa179e556542.js?body=1" for ::1 at 2016-11-21 09:04:53 -0800


Started GET "/assets/static_pages.self-e3b0c44298fc1c149afbf4c8996fb92427ae41e4649b934ca495991b7852b855.css?body=1" for ::1 at 2016-11-21 09:04:53 -0800


Started GET "/assets/static_pages.self-877aef30ae1b040ab8a3aba4e3e309a11d7f2612f44dde450b5c157aa5f95c05.js?body=1" for ::1 at 2016-11-21 09:04:53 -0800


Started GET "/assets/application.self-377610cd7c1509e934744c810e3b4cf672dfbcacac3274e7d039827e2ae0fcc7.js?body=1" for ::1 at 2016-11-21 09:04:53 -0800


Started GET "/assets/jquery.self-bd7ddd393353a8d2480a622e80342adf488fb6006d667e8b42e4c0073393abee.js?body=1" for ::1 at 2016-11-21 09:04:53 -0800


Started GET "/assets/bundle.js.map" for ::1 at 2016-11-21 09:04:53 -0800


Started GET "/" for ::1 at 2016-11-21 09:04:53 -0800
Processing by StaticPagesController#root as HTML
  Rendered static_pages/root.html.erb within layouts/application (0.0ms)
Completed 200 OK in 47ms (Views: 46.7ms | ActiveRecord: 0.0ms)


Started GET "/assets/api/todos.self-e3b0c44298fc1c149afbf4c8996fb92427ae41e4649b934ca495991b7852b855.css?body=1" for ::1 at 2016-11-21 09:04:53 -0800


Started GET "/assets/application.self-e80e8f2318043e8af94dddc2adad5a4f09739a8ebb323b3ab31cd71d45fd9113.css?body=1" for ::1 at 2016-11-21 09:04:53 -0800


Started GET "/assets/static_pages.self-e3b0c44298fc1c149afbf4c8996fb92427ae41e4649b934ca495991b7852b855.css?body=1" for ::1 at 2016-11-21 09:04:53 -0800


Started GET "/assets/jquery_ujs.self-784a997f6726036b1993eb2217c9cb558e1cbb801c6da88105588c56f13b466a.js?body=1" for ::1 at 2016-11-21 09:04:53 -0800


Started GET "/assets/static_pages.self-877aef30ae1b040ab8a3aba4e3e309a11d7f2612f44dde450b5c157aa5f95c05.js?body=1" for ::1 at 2016-11-21 09:04:53 -0800


Started GET "/assets/bundle.self-f0f6d97a604aa5d59164267424005b9d66dc254b89eb4313135cfa179e556542.js?body=1" for ::1 at 2016-11-21 09:04:53 -0800


Started GET "/assets/api/todos.self-877aef30ae1b040ab8a3aba4e3e309a11d7f2612f44dde450b5c157aa5f95c05.js?body=1" for ::1 at 2016-11-21 09:04:53 -0800


Started GET "/assets/jquery.self-bd7ddd393353a8d2480a622e80342adf488fb6006d667e8b42e4c0073393abee.js?body=1" for ::1 at 2016-11-21 09:04:53 -0800


Started GET "/assets/application.self-377610cd7c1509e934744c810e3b4cf672dfbcacac3274e7d039827e2ae0fcc7.js?body=1" for ::1 at 2016-11-21 09:04:53 -0800


Started GET "/assets/bundle.js.map" for ::1 at 2016-11-21 09:04:54 -0800


Started GET "/" for ::1 at 2016-11-21 09:05:49 -0800
Processing by StaticPagesController#root as HTML
  Rendered static_pages/root.html.erb within layouts/application (0.1ms)
Completed 200 OK in 17ms (Views: 16.9ms | ActiveRecord: 0.0ms)


Started GET "/assets/api/todos.self-e3b0c44298fc1c149afbf4c8996fb92427ae41e4649b934ca495991b7852b855.css?body=1" for ::1 at 2016-11-21 09:05:49 -0800


Started GET "/assets/static_pages.self-e3b0c44298fc1c149afbf4c8996fb92427ae41e4649b934ca495991b7852b855.css?body=1" for ::1 at 2016-11-21 09:05:49 -0800


Started GET "/assets/application.self-e80e8f2318043e8af94dddc2adad5a4f09739a8ebb323b3ab31cd71d45fd9113.css?body=1" for ::1 at 2016-11-21 09:05:49 -0800


Started GET "/assets/jquery.self-bd7ddd393353a8d2480a622e80342adf488fb6006d667e8b42e4c0073393abee.js?body=1" for ::1 at 2016-11-21 09:05:49 -0800


Started GET "/assets/jquery_ujs.self-784a997f6726036b1993eb2217c9cb558e1cbb801c6da88105588c56f13b466a.js?body=1" for ::1 at 2016-11-21 09:05:49 -0800


Started GET "/assets/api/todos.self-877aef30ae1b040ab8a3aba4e3e309a11d7f2612f44dde450b5c157aa5f95c05.js?body=1" for ::1 at 2016-11-21 09:05:49 -0800


Started GET "/assets/bundle.self-f0f6d97a604aa5d59164267424005b9d66dc254b89eb4313135cfa179e556542.js?body=1" for ::1 at 2016-11-21 09:05:49 -0800


Started GET "/assets/static_pages.self-877aef30ae1b040ab8a3aba4e3e309a11d7f2612f44dde450b5c157aa5f95c05.js?body=1" for ::1 at 2016-11-21 09:05:49 -0800


Started GET "/assets/application.self-377610cd7c1509e934744c810e3b4cf672dfbcacac3274e7d039827e2ae0fcc7.js?body=1" for ::1 at 2016-11-21 09:05:49 -0800


Started GET "/assets/bundle.js.map" for ::1 at 2016-11-21 09:05:49 -0800


Started GET "/" for ::1 at 2016-11-21 09:05:49 -0800
Processing by StaticPagesController#root as HTML
  Rendered static_pages/root.html.erb within layouts/application (0.1ms)
Completed 200 OK in 18ms (Views: 17.7ms | ActiveRecord: 0.0ms)


Started GET "/assets/api/todos.self-e3b0c44298fc1c149afbf4c8996fb92427ae41e4649b934ca495991b7852b855.css?body=1" for ::1 at 2016-11-21 09:05:49 -0800


Started GET "/assets/static_pages.self-e3b0c44298fc1c149afbf4c8996fb92427ae41e4649b934ca495991b7852b855.css?body=1" for ::1 at 2016-11-21 09:05:49 -0800


Started GET "/assets/jquery_ujs.self-784a997f6726036b1993eb2217c9cb558e1cbb801c6da88105588c56f13b466a.js?body=1" for ::1 at 2016-11-21 09:05:50 -0800


Started GET "/assets/jquery.self-bd7ddd393353a8d2480a622e80342adf488fb6006d667e8b42e4c0073393abee.js?body=1" for ::1 at 2016-11-21 09:05:50 -0800


Started GET "/assets/application.self-e80e8f2318043e8af94dddc2adad5a4f09739a8ebb323b3ab31cd71d45fd9113.css?body=1" for ::1 at 2016-11-21 09:05:50 -0800


Started GET "/assets/api/todos.self-877aef30ae1b040ab8a3aba4e3e309a11d7f2612f44dde450b5c157aa5f95c05.js?body=1" for ::1 at 2016-11-21 09:05:50 -0800


Started GET "/assets/bundle.self-f0f6d97a604aa5d59164267424005b9d66dc254b89eb4313135cfa179e556542.js?body=1" for ::1 at 2016-11-21 09:05:50 -0800


Started GET "/assets/static_pages.self-877aef30ae1b040ab8a3aba4e3e309a11d7f2612f44dde450b5c157aa5f95c05.js?body=1" for ::1 at 2016-11-21 09:05:50 -0800


Started GET "/assets/application.self-377610cd7c1509e934744c810e3b4cf672dfbcacac3274e7d039827e2ae0fcc7.js?body=1" for ::1 at 2016-11-21 09:05:50 -0800


Started GET "/assets/bundle.js.map" for ::1 at 2016-11-21 09:05:50 -0800


Started GET "/" for ::1 at 2016-11-21 09:11:12 -0800
Processing by StaticPagesController#root as HTML
  Rendered static_pages/root.html.erb within layouts/application (0.5ms)
Completed 200 OK in 313ms (Views: 312.1ms | ActiveRecord: 0.0ms)


Started GET "/assets/static_pages.self-e3b0c44298fc1c149afbf4c8996fb92427ae41e4649b934ca495991b7852b855.css?body=1" for ::1 at 2016-11-21 09:11:12 -0800


Started GET "/assets/application.self-e80e8f2318043e8af94dddc2adad5a4f09739a8ebb323b3ab31cd71d45fd9113.css?body=1" for ::1 at 2016-11-21 09:11:12 -0800


Started GET "/assets/jquery.self-bd7ddd393353a8d2480a622e80342adf488fb6006d667e8b42e4c0073393abee.js?body=1" for ::1 at 2016-11-21 09:11:12 -0800


Started GET "/assets/jquery_ujs.self-784a997f6726036b1993eb2217c9cb558e1cbb801c6da88105588c56f13b466a.js?body=1" for ::1 at 2016-11-21 09:11:13 -0800


Started GET "/assets/api/todos.self-e3b0c44298fc1c149afbf4c8996fb92427ae41e4649b934ca495991b7852b855.css?body=1" for ::1 at 2016-11-21 09:11:13 -0800


Started GET "/assets/api/todos.self-877aef30ae1b040ab8a3aba4e3e309a11d7f2612f44dde450b5c157aa5f95c05.js?body=1" for ::1 at 2016-11-21 09:11:13 -0800


Started GET "/assets/bundle.self-98bdc40e6025f73ae0427e8657246fe826ffbf25c6259ea342dee53530e5513c.js?body=1" for ::1 at 2016-11-21 09:11:13 -0800


Started GET "/assets/static_pages.self-877aef30ae1b040ab8a3aba4e3e309a11d7f2612f44dde450b5c157aa5f95c05.js?body=1" for ::1 at 2016-11-21 09:11:13 -0800


Started GET "/assets/application.self-377610cd7c1509e934744c810e3b4cf672dfbcacac3274e7d039827e2ae0fcc7.js?body=1" for ::1 at 2016-11-21 09:11:13 -0800


Started GET "/" for ::1 at 2016-11-21 09:12:17 -0800
Processing by StaticPagesController#root as HTML
  Rendered static_pages/root.html.erb within layouts/application (0.1ms)
Completed 200 OK in 314ms (Views: 313.5ms | ActiveRecord: 0.0ms)


Started GET "/assets/bundle.self-3ee4c6b4b2b3de4e41a3b2c521fbe97420e425ecec985cd16839ccc1cc38569c.js?body=1" for ::1 at 2016-11-21 09:12:18 -0800


Started GET "/assets/bundle.js.map" for ::1 at 2016-11-21 09:12:19 -0800


Started GET "/api/todos" for ::1 at 2016-11-21 09:12:50 -0800
Processing by Api::TodosController#index as JSON
  [1m[36mTodo Load (12.2ms)[0m  [1mSELECT "todos".* FROM "todos"[0m
Completed 200 OK in 21ms (Views: 7.6ms | ActiveRecord: 12.2ms)
